<?xml version="1.0" encoding="UTF-8"?>
<testng-results skipped="0" failed="0" ignored="0" total="0" passed="0">
  <reporter-output>
  </reporter-output>
  <suite name="Suite" duration-ms="409" started-at="2022-05-16T21:31:32 IST" finished-at="2022-05-16T21:31:32 IST">
    <groups>
      <group name="cucumber">
        <method signature="AbstractTestNGCucumberTests.runScenario(io.cucumber.testng.PickleWrapper,io.cucumber.testng.FeatureWrapper)[pri:0, instance:com.eCommerce.runner.AutomationpracticeRunner@548ad73b]" name="runScenario" class="io.cucumber.testng.AbstractTestNGCucumberTests"/>
      </group> <!-- cucumber -->
    </groups>
    <test name="Test" duration-ms="409" started-at="2022-05-16T21:31:32 IST" finished-at="2022-05-16T21:31:32 IST">
      <class name="com.eCommerce.runner.AutomationpracticeRunner">
        <test-method status="PASS" signature="setUpClass(org.testng.ITestContext)[pri:0, instance:com.eCommerce.runner.AutomationpracticeRunner@548ad73b]" name="setUpClass" is-config="true" duration-ms="338" started-at="2022-05-16T21:31:32 IST" finished-at="2022-05-16T21:31:32 IST">
          <params>
            <param index="0">
              <value>
                <![CDATA[org.testng.TestRunner@40a4337a]]>
              </value>
            </param>
          </params>
          <reporter-output>
          </reporter-output>
        </test-method> <!-- setUpClass -->
        <test-method status="PASS" signature="tearDownClass()[pri:0, instance:com.eCommerce.runner.AutomationpracticeRunner@548ad73b]" name="tearDownClass" is-config="true" duration-ms="16" started-at="2022-05-16T21:31:32 IST" finished-at="2022-05-16T21:31:32 IST">
          <reporter-output>
          </reporter-output>
        </test-method> <!-- tearDownClass -->
      </class> <!-- com.eCommerce.runner.AutomationpracticeRunner -->
    </test> <!-- Test -->
  </suite> <!-- Suite -->
</testng-results>
